C:\USERS\TOANH\DOCUMENTS\VISUAL STUDIO 2012\PROJECTS\AIE SPACE INVADERS\OBJ\MAIN.OBJ
C:\USERS\TOANH\DOCUMENTS\VISUAL STUDIO 2012\PROJECTS\AIE SPACE INVADERS\OBJ\VC110.PDB
C:\USERS\TOANH\DOCUMENTS\VISUAL STUDIO 2012\PROJECTS\AIE SPACE INVADERS TEMPLATE\OBJ\MAIN.OBJ
C:\USERS\TOANH\DOCUMENTS\VISUAL STUDIO 2012\PROJECTS\AIE SPACE INVADERS TEMPLATE\OBJ\VC110.PDB
C:\USERS\TOANH\DOCUMENTS\VISUAL STUDIO 2012\PROJECTS\AIE SPACE INVADERS\BIN\AIE SPACE INVADERS_D.ILK
C:\USERS\TOANH\DOCUMENTS\VISUAL STUDIO 2012\PROJECTS\AIE SPACE INVADERS\BIN\AIE SPACE INVADERS_D.EXE
C:\USERS\TOANH\DOCUMENTS\VISUAL STUDIO 2012\PROJECTS\AIE SPACE INVADERS\BIN\AIE SPACE INVADERS_D.PDB
C:\USERS\TOANH\DOCUMENTS\VISUAL STUDIO 2012\PROJECTS\AIE SPACE INVADERS TEMPLATE\BIN\AIE SPACE INVADERS_D.ILK
C:\USERS\TOANH\DOCUMENTS\VISUAL STUDIO 2012\PROJECTS\AIE SPACE INVADERS TEMPLATE\BIN\AIE SPACE INVADERS_D.EXE
C:\USERS\TOANH\DOCUMENTS\VISUAL STUDIO 2012\PROJECTS\AIE SPACE INVADERS TEMPLATE\BIN\AIE SPACE INVADERS_D.PDB
C:\Users\toanh\Documents\Visual Studio 2012\Projects\AIE Space Invaders Template\obj\main.obj
C:\Users\toanh\Documents\Visual Studio 2012\Projects\AIE Space Invaders Template\obj\cl.command.1.tlog
C:\Users\toanh\Documents\Visual Studio 2012\Projects\AIE Space Invaders Template\obj\CL.read.1.tlog
C:\Users\toanh\Documents\Visual Studio 2012\Projects\AIE Space Invaders Template\obj\CL.write.1.tlog
C:\Users\toanh\Documents\Visual Studio 2012\Projects\AIE Space Invaders Template\obj\link-cvtres.read.1.tlog
C:\Users\toanh\Documents\Visual Studio 2012\Projects\AIE Space Invaders Template\obj\link-cvtres.write.1.tlog
C:\Users\toanh\Documents\Visual Studio 2012\Projects\AIE Space Invaders Template\obj\link-rc.read.1.tlog
C:\Users\toanh\Documents\Visual Studio 2012\Projects\AIE Space Invaders Template\obj\link-rc.write.1.tlog
C:\Users\toanh\Documents\Visual Studio 2012\Projects\AIE Space Invaders Template\obj\link.8344-cvtres.read.1.tlog
C:\Users\toanh\Documents\Visual Studio 2012\Projects\AIE Space Invaders Template\obj\link.8344-cvtres.write.1.tlog
C:\Users\toanh\Documents\Visual Studio 2012\Projects\AIE Space Invaders Template\obj\link.8344-rc.read.1.tlog
C:\Users\toanh\Documents\Visual Studio 2012\Projects\AIE Space Invaders Template\obj\link.8344-rc.write.1.tlog
C:\Users\toanh\Documents\Visual Studio 2012\Projects\AIE Space Invaders Template\obj\link.8344.read.1.tlog
C:\Users\toanh\Documents\Visual Studio 2012\Projects\AIE Space Invaders Template\obj\link.8344.write.1.tlog
C:\Users\toanh\Documents\Visual Studio 2012\Projects\AIE Space Invaders Template\obj\link.command.1.tlog
C:\Users\toanh\Documents\Visual Studio 2012\Projects\AIE Space Invaders Template\obj\link.read.1.tlog
C:\Users\toanh\Documents\Visual Studio 2012\Projects\AIE Space Invaders Template\obj\link.write.1.tlog
C:\Users\toanh\Documents\Visual Studio 2012\Projects\AIE Space Invaders Template\obj\vc110.idb
C:\Users\toanh\Documents\Visual Studio 2012\Projects\AIE Space Invaders Template\obj\vc110.pdb
C:\Users\toanh\Documents\Visual Studio 2012\Projects\AIE Space Invaders Template\bin\AIE Space Invaders_d.exe
